code/gN_TRAVEL/build/outputs/logs/manifest-merger-debug-report.txt
-- Merging decision tree log ---
manifest
ADDED from src\main\AndroidManifest.xml:2:1-558:12
	xmlns:tools
		ADDED from src\main\AndroidManifest.xml:3:5-51
	xmlns:android
		ADDED from src\main\AndroidManifest.xml:2:11-69
	package
		ADDED from src\main\AndroidManifest.xml:4:5-34
		INJECTED from src\main\AndroidManifest.xml
		INJECTED from src\main\AndroidManifest.xml
	android:versionName
		ADDED from src\main\AndroidManifest.xml:6:5-32
	android:versionCode
		ADDED from src\main\AndroidManifest.xml:5:5-28
		INJECTED from src\main\AndroidManifest.xml
		INJECTED from src\main\AndroidManifest.xml
uses-sdk
ADDED from src\main\AndroidManifest.xml:8:5-11:60
MERGED from [code:calendar:unspecified] AndroidManifest.xml:7:5-9:41
	android:targetSdkVersion
		ADDED from src\main\AndroidManifest.xml:10:9-38
		INJECTED from src\main\AndroidManifest.xml
		INJECTED from src\main\AndroidManifest.xml
	android:minSdkVersion
		ADDED from src\main\AndroidManifest.xml:9:9-35
		INJECTED from src\main\AndroidManifest.xml
		INJECTED from src\main\AndroidManifest.xml
	tools:overrideLibrary
		ADDED from src\main\AndroidManifest.xml:11:9-58
permission#com.gionee.gntravel.permission.C2D_MESSAGE
ADDED from src\main\AndroidManifest.xml:13:5-15:47
	android:protectionLevel
		ADDED from src\main\AndroidManifest.xml:15:9-44
	android:name
		ADDED from src\main\AndroidManifest.xml:14:9-66
uses-permission#com.gionee.gntravel.permission.C2D_MESSAGE
ADDED from src\main\AndroidManifest.xml:17:5-82
	android:name
		ADDED from src\main\AndroidManifest.xml:17:22-79
uses-permission#com.gionee.cloud.permission.RECEIVE
ADDED from src\main\AndroidManifest.xml:18:5-75
	android:name
		ADDED from src\main\AndroidManifest.xml:18:22-72
uses-permission#android.permission.MOUNT_UNMOUNT_FILESYSTEMS
ADDED from src\main\AndroidManifest.xml:19:5-84
	android:name
		ADDED from src\main\AndroidManifest.xml:19:22-81
uses-permission#android.permission.READ_LOGS
ADDED from src\main\AndroidManifest.xml:20:5-68
	android:name
		ADDED from src\main\AndroidManifest.xml:20:22-65
uses-permission#android.permission.ACCESS_NETWORK_STATE
ADDED from src\main\AndroidManifest.xml:22:5-79
	android:name
		ADDED from src\main\AndroidManifest.xml:22:22-76
uses-permission#android.permission.INTERNET
ADDED from src\main\AndroidManifest.xml:23:5-67
	android:name
		ADDED from src\main\AndroidManifest.xml:23:22-64
uses-permission#android.permission.ACCESS_WIFI_STATE
ADDED from src\main\AndroidManifest.xml:24:5-76
	android:name
		ADDED from src\main\AndroidManifest.xml:24:22-73
uses-permission#android.permission.CHANGE_WIFI_STATE
ADDED from src\main\AndroidManifest.xml:25:5-76
	android:name
		ADDED from src\main\AndroidManifest.xml:25:22-73
uses-permission#android.permission.WRITE_EXTERNAL_STORAGE
ADDED from src\main\AndroidManifest.xml:27:5-81
	android:name
		ADDED from src\main\AndroidManifest.xml:27:22-78
uses-permission#android.permission.WRITE_SETTINGS
ADDED from src\main\AndroidManifest.xml:28:5-73
	android:name
		ADDED from src\main\AndroidManifest.xml:28:22-70
uses-permission#android.permission.READ_PHONE_STATE
ADDED from src\main\AndroidManifest.xml:30:5-75
	android:name
		ADDED from src\main\AndroidManifest.xml:30:22-72
uses-permission#android.permission.CALL_PHONE
ADDED from src\main\AndroidManifest.xml:31:5-69
	android:name
		ADDED from src\main\AndroidManifest.xml:31:22-66
uses-permission#android.permission.ACCESS_FINE_LOCATION
ADDED from src\main\AndroidManifest.xml:33:5-79
	android:name
		ADDED from src\main\AndroidManifest.xml:33:22-76
uses-permission#android.permission.BAIDU_LOCATION_SERVICE
ADDED from src\main\AndroidManifest.xml:34:5-81
	android:name
		ADDED from src\main\AndroidManifest.xml:34:22-78
uses-permission#android.permission.ACCESS_COARSE_LOCATION
ADDED from src\main\AndroidManifest.xml:35:5-81
	android:name
		ADDED from src\main\AndroidManifest.xml:35:22-78
uses-permission#android.permission.ACCESS_MOCK_LOCATION
ADDED from src\main\AndroidManifest.xml:36:5-79
	android:name
		ADDED from src\main\AndroidManifest.xml:36:22-76
uses-permission#android.permission.ACCESS_GPS
ADDED from src\main\AndroidManifest.xml:37:5-69
	android:name
		ADDED from src\main\AndroidManifest.xml:37:22-66
uses-permission#android.permission.READ_CONTACTS
ADDED from src\main\AndroidManifest.xml:38:5-72
	android:name
		ADDED from src\main\AndroidManifest.xml:38:22-69
uses-permission#android.permission.RECEIVE_SMS
ADDED from src\main\AndroidManifest.xml:39:5-70
	android:name
		ADDED from src\main\AndroidManifest.xml:39:22-67
uses-permission#android.permission.READ_SMS
ADDED from src\main\AndroidManifest.xml:40:5-67
	android:name
		ADDED from src\main\AndroidManifest.xml:40:22-64
supports-screens
ADDED from src\main\AndroidManifest.xml:42:5-47:39
	android:resizeable
		ADDED from src\main\AndroidManifest.xml:46:9-34
	android:largeScreens
		ADDED from src\main\AndroidManifest.xml:44:9-36
	android:anyDensity
		ADDED from src\main\AndroidManifest.xml:43:9-34
	android:normalScreens
		ADDED from src\main\AndroidManifest.xml:45:9-37
	android:smallScreens
		ADDED from src\main\AndroidManifest.xml:47:9-36
application
ADDED from src\main\AndroidManifest.xml:49:5-551:19
	android:label
		ADDED from src\main\AndroidManifest.xml:53:9-41
	android:allowBackup
		ADDED from src\main\AndroidManifest.xml:51:9-35
	android:icon
		ADDED from src\main\AndroidManifest.xml:52:9-47
	android:name
		ADDED from src\main\AndroidManifest.xml:50:9-61
meta-data#YJ_APP_ID
ADDED from src\main\AndroidManifest.xml:55:4-75
	android:name
		ADDED from src\main\AndroidManifest.xml:55:15-39
	android:value
		ADDED from src\main\AndroidManifest.xml:55:40-72
meta-data#YJ_CHANNEL_ID
ADDED from src\main\AndroidManifest.xml:56:4-71
	android:name
		ADDED from src\main\AndroidManifest.xml:56:15-43
	android:value
		ADDED from src\main\AndroidManifest.xml:56:44-69
meta-data#com.baidu.lbsapi.API_KEY
ADDED from src\main\AndroidManifest.xml:57:9-60:21
	android:name
		ADDED from src\main\AndroidManifest.xml:58:13-52
	android:value
		ADDED from src\main\AndroidManifest.xml:59:13-53
meta-data#com.amap.api.v2.apikey
ADDED from src\main\AndroidManifest.xml:61:9-63:64
	android:name
		ADDED from src\main\AndroidManifest.xml:62:13-50
	android:value
		ADDED from src\main\AndroidManifest.xml:63:13-61
activity#com.gionee.gntravel.SplashActvity
ADDED from src\main\AndroidManifest.xml:65:9-75:20
	android:screenOrientation
		ADDED from src\main\AndroidManifest.xml:68:13-49
	android:configChanges
		ADDED from src\main\AndroidManifest.xml:67:13-63
	android:theme
		ADDED from src\main\AndroidManifest.xml:69:13-71
	android:name
		ADDED from src\main\AndroidManifest.xml:66:13-61
intent-filter#android.intent.action.MAIN+android.intent.category.LAUNCHER
ADDED from src\main\AndroidManifest.xml:70:13-74:29
action#android.intent.action.MAIN
ADDED from src\main\AndroidManifest.xml:71:17-69
	android:name
		ADDED from src\main\AndroidManifest.xml:71:25-66
category#android.intent.category.LAUNCHER
ADDED from src\main\AndroidManifest.xml:73:17-77
	android:name
		ADDED from src\main\AndroidManifest.xml:73:27-74
activity#com.gionee.gntravel.MainTabActivity
ADDED from src\main\AndroidManifest.xml:76:9-82:20
	android:screenOrientation
		ADDED from src\main\AndroidManifest.xml:80:13-49
	android:configChanges
		ADDED from src\main\AndroidManifest.xml:78:13-63
	android:theme
		ADDED from src\main\AndroidManifest.xml:81:13-60
	android:name
		ADDED from src\main\AndroidManifest.xml:77:13-63
	android:launchMode
		ADDED from src\main\AndroidManifest.xml:79:13-44
activity#com.gionee.gntravel.FlightticketsDetailsActivity
ADDED from src\main\AndroidManifest.xml:83:9-89:20
	android:screenOrientation
		ADDED from src\main\AndroidManifest.xml:87:13-49
	android:configChanges
		ADDED from src\main\AndroidManifest.xml:85:13-63
	android:theme
		ADDED from src\main\AndroidManifest.xml:88:13-60
	android:name
		ADDED from src\main\AndroidManifest.xml:84:13-76
	android:launchMode
		ADDED from src\main\AndroidManifest.xml:86:13-44
activity#com.gionee.gntravel.FlightOrderActivity
ADDED from src\main\AndroidManifest.xml:90:9-97:20
	android:windowSoftInputMode
		ADDED from src\main\AndroidManifest.xml:96:13-90
	android:screenOrientation
		ADDED from src\main\AndroidManifest.xml:94:13-49
	android:configChanges
		ADDED from src\main\AndroidManifest.xml:92:13-63
	android:theme
		ADDED from src\main\AndroidManifest.xml:95:13-60
	android:name
		ADDED from src\main\AndroidManifest.xml:91:13-67
	android:launchMode
		ADDED from src\main\AndroidManifest.xml:93:13-44
activity#com.gionee.gntravel.TrainticketsDetailsActivity
ADDED from src\main\AndroidManifest.xml:98:9-104:20
	android:screenOrientation
		ADDED from src\main\AndroidManifest.xml:102:13-49
	android:configChanges
		ADDED from src\main\AndroidManifest.xml:100:13-63
	android:theme
		ADDED from src\main\AndroidManifest.xml:103:13-60
	android:name
		ADDED from src\main\AndroidManifest.xml:99:13-75
	android:launchMode
		ADDED from src\main\AndroidManifest.xml:101:13-44
activity#com.gionee.gntravel.SelectCityActivity
ADDED from src\main\AndroidManifest.xml:105:9-110:20
	android:screenOrientation
		ADDED from src\main\AndroidManifest.xml:108:13-49
	android:configChanges
		ADDED from src\main\AndroidManifest.xml:107:13-63
	android:theme
		ADDED from src\main\AndroidManifest.xml:109:13-60
	android:name
		ADDED from src\main\AndroidManifest.xml:106:13-66
activity#com.gionee.gntravel.ListOfMessageActivity
ADDED from src\main\AndroidManifest.xml:111:9-116:20
	android:screenOrientation
		ADDED from src\main\AndroidManifest.xml:114:13-49
	android:configChanges
		ADDED from src\main\AndroidManifest.xml:113:13-63
	android:theme
		ADDED from src\main\AndroidManifest.xml:115:13-60
	android:name
		ADDED from src\main\AndroidManifest.xml:112:13-69
activity#com.gionee.gntravel.HotelActivity
ADDED from src\main\AndroidManifest.xml:117:9-123:20
	android:screenOrientation
		ADDED from src\main\AndroidManifest.xml:122:13-49
	android:label
		ADDED from src\main\AndroidManifest.xml:120:13-53
	android:configChanges
		ADDED from src\main\AndroidManifest.xml:119:13-63
	android:name
		ADDED from src\main\AndroidManifest.xml:118:13-61
	android:launchMode
		ADDED from src\main\AndroidManifest.xml:121:13-44
activity#com.gionee.gntravel.HotelActivitya
ADDED from src\main\AndroidManifest.xml:124:9-130:20
	android:screenOrientation
		ADDED from src\main\AndroidManifest.xml:129:13-49
	android:label
		ADDED from src\main\AndroidManifest.xml:127:13-53
	android:configChanges
		ADDED from src\main\AndroidManifest.xml:126:13-63
	android:name
		ADDED from src\main\AndroidManifest.xml:125:13-62
	android:launchMode
		ADDED from src\main\AndroidManifest.xml:128:13-44
activity#com.gionee.gntravel.PassengerListActivity
ADDED from src\main\AndroidManifest.xml:131:9-135:52
	android:screenOrientation
		ADDED from src\main\AndroidManifest.xml:135:13-49
	android:configChanges
		ADDED from src\main\AndroidManifest.xml:133:13-63
	android:name
		ADDED from src\main\AndroidManifest.xml:132:13-69
	android:launchMode
		ADDED from src\main\AndroidManifest.xml:134:13-44
activity#com.gionee.gntravel.AddPassengerActivity
ADDED from src\main\AndroidManifest.xml:136:9-140:68
	android:windowSoftInputMode
		ADDED from src\main\AndroidManifest.xml:140:13-65
	android:screenOrientation
		ADDED from src\main\AndroidManifest.xml:139:13-49
	android:configChanges
		ADDED from src\main\AndroidManifest.xml:138:13-63
	android:name
		ADDED from src\main\AndroidManifest.xml:137:13-68
activity#com.gionee.gntravel.EditMyPassengerActivity
ADDED from src\main\AndroidManifest.xml:141:9-145:68
	android:windowSoftInputMode
		ADDED from src\main\AndroidManifest.xml:145:13-65
	android:screenOrientation
		ADDED from src\main\AndroidManifest.xml:144:13-49
	android:configChanges
		ADDED from src\main\AndroidManifest.xml:143:13-63
	android:name
		ADDED from src\main\AndroidManifest.xml:142:13-71
activity#com.gionee.gntravel.SuccessOfPayment
ADDED from src\main\AndroidManifest.xml:146:9-150:52
	android:screenOrientation
		ADDED from src\main\AndroidManifest.xml:150:13-49
	android:configChanges
		ADDED from src\main\AndroidManifest.xml:148:13-63
	android:name
		ADDED from src\main\AndroidManifest.xml:147:13-64
	android:launchMode
		ADDED from src\main\AndroidManifest.xml:149:13-44
activity#com.gionee.gntravel.NewRouteActivity
ADDED from src\main\AndroidManifest.xml:151:9-158:79
	android:screenOrientation
		ADDED from src\main\AndroidManifest.xml:156:13-49
	android:label
		ADDED from src\main\AndroidManifest.xml:154:13-45
	android:configChanges
		ADDED from src\main\AndroidManifest.xml:153:13-63
	android:theme
		ADDED from src\main\AndroidManifest.xml:157:13-60
	android:parentActivityName
		ADDED from src\main\AndroidManifest.xml:158:13-77
	android:name
		ADDED from src\main\AndroidManifest.xml:152:13-64
	android:launchMode
		ADDED from src\main\AndroidManifest.xml:155:13-44
activity#com.gionee.gntravel.HotelDetailActivity
ADDED from src\main\AndroidManifest.xml:159:9-164:63
	android:screenOrientation
		ADDED from src\main\AndroidManifest.xml:163:13-49
	android:configChanges
		ADDED from src\main\AndroidManifest.xml:161:13-63
	android:theme
		ADDED from src\main\AndroidManifest.xml:164:13-60
	android:name
		ADDED from src\main\AndroidManifest.xml:160:13-67
	android:launchMode
		ADDED from src\main\AndroidManifest.xml:162:13-44
activity#com.gionee.gntravel.HotelBigImageActivity
ADDED from src\main\AndroidManifest.xml:165:9-169:63
	android:screenOrientation
		ADDED from src\main\AndroidManifest.xml:168:13-49
	android:configChanges
		ADDED from src\main\AndroidManifest.xml:167:13-63
	android:theme
		ADDED from src\main\AndroidManifest.xml:169:13-60
	android:name
		ADDED from src\main\AndroidManifest.xml:166:13-69
activity#com.gionee.gntravel.DetailsActivity
ADDED from src\main\AndroidManifest.xml:170:9-174:63
	android:screenOrientation
		ADDED from src\main\AndroidManifest.xml:173:13-49
	android:configChanges
		ADDED from src\main\AndroidManifest.xml:172:13-63
	android:theme
		ADDED from src\main\AndroidManifest.xml:174:13-60
	android:name
		ADDED from src\main\AndroidManifest.xml:171:13-63
activity#com.gionee.gntravel.MapActivity
ADDED from src\main\AndroidManifest.xml:175:9-181:20
	android:screenOrientation
		ADDED from src\main\AndroidManifest.xml:179:13-49
	android:configChanges
		ADDED from src\main\AndroidManifest.xml:177:13-63
	android:theme
		ADDED from src\main\AndroidManifest.xml:180:13-60
	android:name
		ADDED from src\main\AndroidManifest.xml:176:13-59
	android:launchMode
		ADDED from src\main\AndroidManifest.xml:178:13-44
activity#com.gionee.gntravel.FoodActivity
ADDED from src\main\AndroidManifest.xml:182:9-188:20
	android:screenOrientation
		ADDED from src\main\AndroidManifest.xml:186:13-49
	android:configChanges
		ADDED from src\main\AndroidManifest.xml:184:13-63
	android:theme
		ADDED from src\main\AndroidManifest.xml:187:13-60
	android:name
		ADDED from src\main\AndroidManifest.xml:183:13-60
	android:launchMode
		ADDED from src\main\AndroidManifest.xml:185:13-44
activity#com.gionee.gntravel.HotelOrderActivity
ADDED from src\main\AndroidManifest.xml:189:9-195:63
	android:windowSoftInputMode
		ADDED from src\main\AndroidManifest.xml:195:13-60
	android:screenOrientation
		ADDED from src\main\AndroidManifest.xml:193:13-49
	android:configChanges
		ADDED from src\main\AndroidManifest.xml:191:13-63
	android:theme
		ADDED from src\main\AndroidManifest.xml:194:13-60
	android:name
		ADDED from src\main\AndroidManifest.xml:190:13-66
	android:launchMode
		ADDED from src\main\AndroidManifest.xml:192:13-44
activity#com.gionee.gntravel.DetailMapActivity
ADDED from src\main\AndroidManifest.xml:196:9-201:69
	android:screenOrientation
		ADDED from src\main\AndroidManifest.xml:200:13-49
	android:configChanges
		ADDED from src\main\AndroidManifest.xml:198:13-63
	android:theme
		ADDED from src\main\AndroidManifest.xml:201:13-66
	android:name
		ADDED from src\main\AndroidManifest.xml:197:13-65
	android:launchMode
		ADDED from src\main\AndroidManifest.xml:199:13-44
activity#com.gionee.gntravel.HotelDescActivity
ADDED from src\main\AndroidManifest.xml:202:9-207:63
	android:screenOrientation
		ADDED from src\main\AndroidManifest.xml:206:13-49
	android:configChanges
		ADDED from src\main\AndroidManifest.xml:204:13-63
	android:theme
		ADDED from src\main\AndroidManifest.xml:207:13-60
	android:name
		ADDED from src\main\AndroidManifest.xml:203:13-65
	android:launchMode
		ADDED from src\main\AndroidManifest.xml:205:13-44
activity#com.gionee.gntravel.HotelOrderSucActivity
ADDED from src\main\AndroidManifest.xml:208:9-213:63
	android:screenOrientation
		ADDED from src\main\AndroidManifest.xml:212:13-49
	android:configChanges
		ADDED from src\main\AndroidManifest.xml:210:13-63
	android:theme
		ADDED from src\main\AndroidManifest.xml:213:13-60
	android:name
		ADDED from src\main\AndroidManifest.xml:209:13-69
	android:launchMode
		ADDED from src\main\AndroidManifest.xml:211:13-44
activity#com.gionee.gntravel.HotelCommonActivity
ADDED from src\main\AndroidManifest.xml:214:9-219:63
	android:screenOrientation
		ADDED from src\main\AndroidManifest.xml:218:13-49
	android:configChanges
		ADDED from src\main\AndroidManifest.xml:216:13-63
	android:theme
		ADDED from src\main\AndroidManifest.xml:219:13-60
	android:name
		ADDED from src\main\AndroidManifest.xml:215:13-67
	android:launchMode
		ADDED from src\main\AndroidManifest.xml:217:13-44
activity#com.gionee.gntravel.HotelSearchActivity
ADDED from src\main\AndroidManifest.xml:220:9-224:63
	android:screenOrientation
		ADDED from src\main\AndroidManifest.xml:223:13-49
	android:configChanges
		ADDED from src\main\AndroidManifest.xml:222:13-63
	android:theme
		ADDED from src\main\AndroidManifest.xml:224:13-60
	android:name
		ADDED from src\main\AndroidManifest.xml:221:13-67
activity#com.gionee.gntravel.H5Activity
ADDED from src\main\AndroidManifest.xml:225:9-232:20
	android:screenOrientation
		ADDED from src\main\AndroidManifest.xml:228:13-49
	android:configChanges
		ADDED from src\main\AndroidManifest.xml:227:13-63
	android:theme
		ADDED from src\main\AndroidManifest.xml:230:13-60
	android:parentActivityName
		ADDED from src\main\AndroidManifest.xml:231:13-77
	android:name
		ADDED from src\main\AndroidManifest.xml:226:13-58
	android:launchMode
		ADDED from src\main\AndroidManifest.xml:229:13-44
activity#com.gionee.gntravel.H5PayOrder
ADDED from src\main\AndroidManifest.xml:233:9-240:20
	android:screenOrientation
		ADDED from src\main\AndroidManifest.xml:238:13-49
	android:configChanges
		ADDED from src\main\AndroidManifest.xml:235:13-63
	android:theme
		ADDED from src\main\AndroidManifest.xml:239:13-60
	android:parentActivityName
		ADDED from src\main\AndroidManifest.xml:237:13-77
	android:name
		ADDED from src\main\AndroidManifest.xml:234:13-58
	android:launchMode
		ADDED from src\main\AndroidManifest.xml:236:13-44
activity#com.gionee.gntravel.AddressActivity
ADDED from src\main\AndroidManifest.xml:241:9-246:20
	android:screenOrientation
		ADDED from src\main\AndroidManifest.xml:244:13-49
	android:configChanges
		ADDED from src\main\AndroidManifest.xml:243:13-63
	android:theme
		ADDED from src\main\AndroidManifest.xml:245:13-60
	android:name
		ADDED from src\main\AndroidManifest.xml:242:13-63
activity#com.gionee.gntravel.TrainTimeTableActivity
ADDED from src\main\AndroidManifest.xml:247:9-253:20
	android:screenOrientation
		ADDED from src\main\AndroidManifest.xml:251:13-49
	android:configChanges
		ADDED from src\main\AndroidManifest.xml:249:13-63
	android:theme
		ADDED from src\main\AndroidManifest.xml:252:13-60
	android:name
		ADDED from src\main\AndroidManifest.xml:248:13-70
	android:launchMode
		ADDED from src\main\AndroidManifest.xml:250:13-44
activity#com.gionee.gntravel.LoginActivity
ADDED from src\main\AndroidManifest.xml:254:9-260:20
	android:screenOrientation
		ADDED from src\main\AndroidManifest.xml:258:13-49
	android:configChanges
		ADDED from src\main\AndroidManifest.xml:256:13-63
	android:theme
		ADDED from src\main\AndroidManifest.xml:259:13-60
	android:name
		ADDED from src\main\AndroidManifest.xml:255:13-61
	android:launchMode
		ADDED from src\main\AndroidManifest.xml:257:13-44
activity#com.gionee.gntravel.RegisterActivity
ADDED from src\main\AndroidManifest.xml:261:9-266:20
	android:screenOrientation
		ADDED from src\main\AndroidManifest.xml:264:13-49
	android:configChanges
		ADDED from src\main\AndroidManifest.xml:263:13-63
	android:theme
		ADDED from src\main\AndroidManifest.xml:265:13-60
	android:name
		ADDED from src\main\AndroidManifest.xml:262:13-64
activity#com.gionee.gntravel.RegInputPwActivity
ADDED from src\main\AndroidManifest.xml:267:9-272:20
	android:screenOrientation
		ADDED from src\main\AndroidManifest.xml:270:13-49
	android:configChanges
		ADDED from src\main\AndroidManifest.xml:269:13-63
	android:theme
		ADDED from src\main\AndroidManifest.xml:271:13-60
	android:name
		ADDED from src\main\AndroidManifest.xml:268:13-66
activity#com.gionee.gntravel.ForgetPwActivity
ADDED from src\main\AndroidManifest.xml:273:9-278:20
	android:screenOrientation
		ADDED from src\main\AndroidManifest.xml:276:13-49
	android:configChanges
		ADDED from src\main\AndroidManifest.xml:275:13-63
	android:theme
		ADDED from src\main\AndroidManifest.xml:277:13-60
	android:name
		ADDED from src\main\AndroidManifest.xml:274:13-64
activity#com.gionee.gntravel.ForgetPwActivitySecond
ADDED from src\main\AndroidManifest.xml:279:9-284:20
	android:screenOrientation
		ADDED from src\main\AndroidManifest.xml:282:13-49
	android:configChanges
		ADDED from src\main\AndroidManifest.xml:281:13-63
	android:theme
		ADDED from src\main\AndroidManifest.xml:283:13-60
	android:name
		ADDED from src\main\AndroidManifest.xml:280:13-70
activity#com.gionee.gntravel.ForgetPwActivityFinish
ADDED from src\main\AndroidManifest.xml:285:9-290:20
	android:screenOrientation
		ADDED from src\main\AndroidManifest.xml:288:13-49
	android:configChanges
		ADDED from src\main\AndroidManifest.xml:287:13-63
	android:theme
		ADDED from src\main\AndroidManifest.xml:289:13-60
	android:name
		ADDED from src\main\AndroidManifest.xml:286:13-70
activity#com.gionee.gntravel.InfomationActivity
ADDED from src\main\AndroidManifest.xml:291:9-297:20
	android:screenOrientation
		ADDED from src\main\AndroidManifest.xml:295:13-49
	android:configChanges
		ADDED from src\main\AndroidManifest.xml:293:13-63
	android:theme
		ADDED from src\main\AndroidManifest.xml:296:13-60
	android:name
		ADDED from src\main\AndroidManifest.xml:292:13-66
	android:launchMode
		ADDED from src\main\AndroidManifest.xml:294:13-44
activity#com.gionee.gntravel.HotelCommentActivity
ADDED from src\main\AndroidManifest.xml:298:9-304:20
	android:screenOrientation
		ADDED from src\main\AndroidManifest.xml:302:13-49
	android:configChanges
		ADDED from src\main\AndroidManifest.xml:300:13-63
	android:theme
		ADDED from src\main\AndroidManifest.xml:303:13-60
	android:name
		ADDED from src\main\AndroidManifest.xml:299:13-68
	android:launchMode
		ADDED from src\main\AndroidManifest.xml:301:13-44
activity#com.gionee.gntravel.EditPwActivity
ADDED from src\main\AndroidManifest.xml:305:9-311:20
	android:screenOrientation
		ADDED from src\main\AndroidManifest.xml:309:13-49
	android:configChanges
		ADDED from src\main\AndroidManifest.xml:307:13-63
	android:theme
		ADDED from src\main\AndroidManifest.xml:310:13-60
	android:name
		ADDED from src\main\AndroidManifest.xml:306:13-62
	android:launchMode
		ADDED from src\main\AndroidManifest.xml:308:13-44
activity#com.gionee.gntravel.SelectTrainActivity
ADDED from src\main\AndroidManifest.xml:312:9-317:20
	android:screenOrientation
		ADDED from src\main\AndroidManifest.xml:315:13-49
	android:configChanges
		ADDED from src\main\AndroidManifest.xml:314:13-63
	android:theme
		ADDED from src\main\AndroidManifest.xml:316:13-60
	android:name
		ADDED from src\main\AndroidManifest.xml:313:13-67
activity#com.gionee.gntravel.TrainActivity
ADDED from src\main\AndroidManifest.xml:318:9-324:20
	android:screenOrientation
		ADDED from src\main\AndroidManifest.xml:322:13-49
	android:configChanges
		ADDED from src\main\AndroidManifest.xml:320:13-63
	android:theme
		ADDED from src\main\AndroidManifest.xml:323:13-60
	android:name
		ADDED from src\main\AndroidManifest.xml:319:13-61
	android:launchMode
		ADDED from src\main\AndroidManifest.xml:321:13-44
activity#com.gionee.gntravel.MyOrderActivity
ADDED from src\main\AndroidManifest.xml:325:9-331:20
	android:screenOrientation
		ADDED from src\main\AndroidManifest.xml:329:13-49
	android:configChanges
		ADDED from src\main\AndroidManifest.xml:327:13-63
	android:theme
		ADDED from src\main\AndroidManifest.xml:330:13-60
	android:name
		ADDED from src\main\AndroidManifest.xml:326:13-63
	android:launchMode
		ADDED from src\main\AndroidManifest.xml:328:13-44
activity#com.gionee.gntravel.SettingActivity
ADDED from src\main\AndroidManifest.xml:332:9-338:20
	android:screenOrientation
		ADDED from src\main\AndroidManifest.xml:336:13-49
	android:configChanges
		ADDED from src\main\AndroidManifest.xml:334:13-63
	android:theme
		ADDED from src\main\AndroidManifest.xml:337:13-60
	android:name
		ADDED from src\main\AndroidManifest.xml:333:13-63
	android:launchMode
		ADDED from src\main\AndroidManifest.xml:335:13-44
activity#com.gionee.gntravel.AboutActivity
ADDED from src\main\AndroidManifest.xml:339:9-345:20
	android:screenOrientation
		ADDED from src\main\AndroidManifest.xml:343:13-49
	android:configChanges
		ADDED from src\main\AndroidManifest.xml:341:13-63
	android:theme
		ADDED from src\main\AndroidManifest.xml:344:13-60
	android:name
		ADDED from src\main\AndroidManifest.xml:340:13-61
	android:launchMode
		ADDED from src\main\AndroidManifest.xml:342:13-44
activity#com.gionee.gntravel.HotelDepositActivity
ADDED from src\main\AndroidManifest.xml:346:9-352:20
	android:screenOrientation
		ADDED from src\main\AndroidManifest.xml:350:13-49
	android:configChanges
		ADDED from src\main\AndroidManifest.xml:348:13-63
	android:theme
		ADDED from src\main\AndroidManifest.xml:351:13-60
	android:name
		ADDED from src\main\AndroidManifest.xml:347:13-68
	android:launchMode
		ADDED from src\main\AndroidManifest.xml:349:13-44
activity#com.gionee.gntravel.OrderFormDetailActivity
ADDED from src\main\AndroidManifest.xml:353:9-359:20
	android:screenOrientation
		ADDED from src\main\AndroidManifest.xml:357:13-49
	android:configChanges
		ADDED from src\main\AndroidManifest.xml:355:13-63
	android:theme
		ADDED from src\main\AndroidManifest.xml:358:13-60
	android:name
		ADDED from src\main\AndroidManifest.xml:354:13-71
	android:launchMode
		ADDED from src\main\AndroidManifest.xml:356:13-44
activity#com.gionee.gntravel.MyTravelActivity
ADDED from src\main\AndroidManifest.xml:360:9-366:20
	android:screenOrientation
		ADDED from src\main\AndroidManifest.xml:364:13-49
	android:configChanges
		ADDED from src\main\AndroidManifest.xml:362:13-63
	android:theme
		ADDED from src\main\AndroidManifest.xml:365:13-60
	android:name
		ADDED from src\main\AndroidManifest.xml:361:13-64
	android:launchMode
		ADDED from src\main\AndroidManifest.xml:363:13-44
activity#com.gionee.gntravel.EditNickNameActivity
ADDED from src\main\AndroidManifest.xml:367:9-372:20
	android:screenOrientation
		ADDED from src\main\AndroidManifest.xml:370:13-49
	android:configChanges
		ADDED from src\main\AndroidManifest.xml:369:13-63
	android:theme
		ADDED from src\main\AndroidManifest.xml:371:13-60
	android:name
		ADDED from src\main\AndroidManifest.xml:368:13-68
activity#com.gionee.gntravel.MapRouteActivity
ADDED from src\main\AndroidManifest.xml:373:9-379:20
	android:screenOrientation
		ADDED from src\main\AndroidManifest.xml:377:13-49
	android:configChanges
		ADDED from src\main\AndroidManifest.xml:375:13-63
	android:theme
		ADDED from src\main\AndroidManifest.xml:378:13-60
	android:name
		ADDED from src\main\AndroidManifest.xml:374:13-64
	android:launchMode
		ADDED from src\main\AndroidManifest.xml:376:13-44
activity#com.gionee.gntravel.MapRouteDetailActivity
ADDED from src\main\AndroidManifest.xml:380:9-386:20
	android:screenOrientation
		ADDED from src\main\AndroidManifest.xml:384:13-49
	android:configChanges
		ADDED from src\main\AndroidManifest.xml:382:13-63
	android:theme
		ADDED from src\main\AndroidManifest.xml:385:13-60
	android:name
		ADDED from src\main\AndroidManifest.xml:381:13-70
	android:launchMode
		ADDED from src\main\AndroidManifest.xml:383:13-44
activity#com.gionee.gntravel.WeatherActivity
ADDED from src\main\AndroidManifest.xml:387:9-393:20
	android:screenOrientation
		ADDED from src\main\AndroidManifest.xml:391:13-49
	android:configChanges
		ADDED from src\main\AndroidManifest.xml:389:13-63
	android:theme
		ADDED from src\main\AndroidManifest.xml:392:13-60
	android:name
		ADDED from src\main\AndroidManifest.xml:388:13-63
	android:launchMode
		ADDED from src\main\AndroidManifest.xml:390:13-44
activity#com.gionee.gntravel.OrderDetailActivity
ADDED from src\main\AndroidManifest.xml:394:9-400:20
	android:screenOrientation
		ADDED from src\main\AndroidManifest.xml:398:13-49
	android:configChanges
		ADDED from src\main\AndroidManifest.xml:396:13-63
	android:theme
		ADDED from src\main\AndroidManifest.xml:399:13-60
	android:name
		ADDED from src\main\AndroidManifest.xml:395:13-67
	android:launchMode
		ADDED from src\main\AndroidManifest.xml:397:13-44
activity#com.gionee.gntravel.WeatherCityManageActivity
ADDED from src\main\AndroidManifest.xml:401:9-407:20
	android:screenOrientation
		ADDED from src\main\AndroidManifest.xml:405:13-49
	android:configChanges
		ADDED from src\main\AndroidManifest.xml:403:13-63
	android:theme
		ADDED from src\main\AndroidManifest.xml:406:13-60
	android:name
		ADDED from src\main\AndroidManifest.xml:402:13-73
	android:launchMode
		ADDED from src\main\AndroidManifest.xml:404:13-44
activity#com.gionee.gntravel.WeatherAddCityActivity
ADDED from src\main\AndroidManifest.xml:408:9-415:20
	android:windowSoftInputMode
		ADDED from src\main\AndroidManifest.xml:414:13-54
	android:screenOrientation